<?xml version="1.0" encoding="UTF-8" ?>
<testsuite tests="6" failures="0" name="model.ItemsTest" time="0.025" errors="0" skipped="0">
  <properties>
[...]
</properties>
  <testcase classname="model.ItemsTest" name="model.ItemsTest.testGetItemTypeShouldBe1234" time="0.021"/>
  <testcase classname="model.ItemsTest" name="model.ItemsTest.testGetItemIDShouldBe1234" time="0"/>
  <testcase classname="model.ItemsTest" name="model.ItemsTest.testGetItemNameShouldBeASuperCool" time="0"/>
  <testcase classname="model.ItemsTest" name="model.ItemsTest.testGetIsQuestItemShouldBe1234" time="0.004"/>
  <testcase classname="model.ItemsTest" name="model.ItemsTest.testGetItemNameShouldBeTom" time="0"/>
  <testcase classname="model.ItemsTest" name="model.ItemsTest.testGetIsImplicitItemShouldBe1234" time="0"/>
</testsuite>